The system is: Linux - 4.17.19 - x86_64
Compiling the C compiler identification source file "CMakeCCompilerId.c" succeeded.
Compiler: /usr/bin/cc 
Build flags: 
Id flags:  

The output was:
0


Compilation of the C compiler identification source "CMakeCCompilerId.c" produced "a.out"

The C compiler identification is GNU, found in "/home/meggie/Documents/mydb/hoard/CMakeFiles/3.9.2/CompilerIdC/a.out"

Compiling the CXX compiler identification source file "CMakeCXXCompilerId.cpp" succeeded.
Compiler: /usr/bin/c++ 
Build flags: 
Id flags:  

The output was:
0


Compilation of the CXX compiler identification source "CMakeCXXCompilerId.cpp" produced "a.out"

The CXX compiler identification is GNU, found in "/home/meggie/Documents/mydb/hoard/CMakeFiles/3.9.2/CompilerIdCXX/a.out"

Determining if the C compiler works passed with the following output:
Change Dir: /home/meggie/Documents/mydb/hoard/CMakeFiles/CMakeTmp

Run Build Command:"/usr/bin/make" "cmTC_dc614/fast"
/usr/bin/make -f CMakeFiles/cmTC_dc614.dir/build.make CMakeFiles/cmTC_dc614.dir/build
make[1]: Entering directory '/home/meggie/Documents/mydb/hoard/CMakeFiles/CMakeTmp'
Building C object CMakeFiles/cmTC_dc614.dir/testCCompiler.c.o
/usr/bin/cc    -o CMakeFiles/cmTC_dc614.dir/testCCompiler.c.o   -c /home/meggie/Documents/mydb/hoard/CMakeFiles/CMakeTmp/testCCompiler.c
Linking C executable cmTC_dc614
/usr/local/bin/cmake -E cmake_link_script CMakeFiles/cmTC_dc614.dir/link.txt --verbose=1
/usr/bin/cc      CMakeFiles/cmTC_dc614.dir/testCCompiler.c.o  -o cmTC_dc614 
make[1]: Leaving directory '/home/meggie/Documents/mydb/hoard/CMakeFiles/CMakeTmp'


Detecting C compiler ABI info compiled with the following output:
Change Dir: /home/meggie/Documents/mydb/hoard/CMakeFiles/CMakeTmp

Run Build Command:"/usr/bin/make" "cmTC_aa99f/fast"
/usr/bin/make -f CMakeFiles/cmTC_aa99f.dir/build.make CMakeFiles/cmTC_aa99f.dir/build
make[1]: Entering directory '/home/meggie/Documents/mydb/hoard/CMakeFiles/CMakeTmp'
Building C object CMakeFiles/cmTC_aa99f.dir/CMakeCCompilerABI.c.o
/usr/bin/cc    -o CMakeFiles/cmTC_aa99f.dir/CMakeCCompilerABI.c.o   -c /usr/local/share/cmake-3.9/Modules/CMakeCCompilerABI.c
Linking C executable cmTC_aa99f
/usr/local/bin/cmake -E cmake_link_script CMakeFiles/cmTC_aa99f.dir/link.txt --verbose=1
/usr/bin/cc     -v CMakeFiles/cmTC_aa99f.dir/CMakeCCompilerABI.c.o  -o cmTC_aa99f 
Using built-in specs.
COLLECT_GCC=/usr/bin/cc
COLLECT_LTO_WRAPPER=/usr/lib/gcc/x86_64-linux-gnu/5/lto-wrapper
Target: x86_64-linux-gnu
Configured with: ../src/configure -v --with-pkgversion='Ubuntu 5.4.0-6ubuntu1~16.04.10' --with-bugurl=file:///usr/share/doc/gcc-5/README.Bugs --enable-languages=c,ada,c++,java,go,d,fortran,objc,obj-c++ --prefix=/usr --program-suffix=-5 --enable-shared --enable-linker-build-id --libexecdir=/usr/lib --without-included-gettext --enable-threads=posix --libdir=/usr/lib --enable-nls --with-sysroot=/ --enable-clocale=gnu --enable-libstdcxx-debug --enable-libstdcxx-time=yes --with-default-libstdcxx-abi=new --enable-gnu-unique-object --disable-vtable-verify --enable-libmpx --enable-plugin --with-system-zlib --disable-browser-plugin --enable-java-awt=gtk --enable-gtk-cairo --with-java-home=/usr/lib/jvm/java-1.5.0-gcj-5-amd64/jre --enable-java-home --with-jvm-root-dir=/usr/lib/jvm/java-1.5.0-gcj-5-amd64 --with-jvm-jar-dir=/usr/lib/jvm-exports/java-1.5.0-gcj-5-amd64 --with-arch-directory=amd64 --with-ecj-jar=/usr/share/java/eclipse-ecj.jar --enable-objc-gc --enable-multiarch --disable-werror --with-arch-32=i686 --with-abi=m64 --with-multilib-list=m32,m64,mx32 --enable-multilib --with-tune=generic --enable-checking=release --build=x86_64-linux-gnu --host=x86_64-linux-gnu --target=x86_64-linux-gnu
Thread model: posix
gcc version 5.4.0 20160609 (Ubuntu 5.4.0-6ubuntu1~16.04.10) 
COMPILER_PATH=/usr/lib/gcc/x86_64-linux-gnu/5/:/usr/lib/gcc/x86_64-linux-gnu/5/:/usr/lib/gcc/x86_64-linux-gnu/:/usr/lib/gcc/x86_64-linux-gnu/5/:/usr/lib/gcc/x86_64-linux-gnu/
LIBRARY_PATH=/usr/lib/gcc/x86_64-linux-gnu/5/:/usr/lib/gcc/x86_64-linux-gnu/5/../../../x86_64-linux-gnu/:/usr/lib/gcc/x86_64-linux-gnu/5/../../../../lib/:/lib/x86_64-linux-gnu/:/lib/../lib/:/usr/lib/x86_64-linux-gnu/:/usr/lib/../lib/:/usr/lib/gcc/x86_64-linux-gnu/5/../../../:/lib/:/usr/lib/
COLLECT_GCC_OPTIONS='-v' '-o' 'cmTC_aa99f' '-mtune=generic' '-march=x86-64'
 /usr/lib/gcc/x86_64-linux-gnu/5/collect2 -plugin /usr/lib/gcc/x86_64-linux-gnu/5/liblto_plugin.so -plugin-opt=/usr/lib/gcc/x86_64-linux-gnu/5/lto-wrapper -plugin-opt=-fresolution=/tmp/cc6VSXCs.res -plugin-opt=-pass-through=-lgcc -plugin-opt=-pass-through=-lgcc_s -plugin-opt=-pass-through=-lc -plugin-opt=-pass-through=-lgcc -plugin-opt=-pass-through=-lgcc_s --sysroot=/ --build-id --eh-frame-hdr -m elf_x86_64 --hash-style=gnu --as-needed -dynamic-linker /lib64/ld-linux-x86-64.so.2 -z relro -o cmTC_aa99f /usr/lib/gcc/x86_64-linux-gnu/5/../../../x86_64-linux-gnu/crt1.o /usr/lib/gcc/x86_64-linux-gnu/5/../../../x86_64-linux-gnu/crti.o /usr/lib/gcc/x86_64-linux-gnu/5/crtbegin.o -L/usr/lib/gcc/x86_64-linux-gnu/5 -L/usr/lib/gcc/x86_64-linux-gnu/5/../../../x86_64-linux-gnu -L/usr/lib/gcc/x86_64-linux-gnu/5/../../../../lib -L/lib/x86_64-linux-gnu -L/lib/../lib -L/usr/lib/x86_64-linux-gnu -L/usr/lib/../lib -L/usr/lib/gcc/x86_64-linux-gnu/5/../../.. CMakeFiles/cmTC_aa99f.dir/CMakeCCompilerABI.c.o -lgcc --as-needed -lgcc_s --no-as-needed -lc -lgcc --as-needed -lgcc_s --no-as-needed /usr/lib/gcc/x86_64-linux-gnu/5/crtend.o /usr/lib/gcc/x86_64-linux-gnu/5/../../../x86_64-linux-gnu/crtn.o
make[1]: Leaving directory '/home/meggie/Documents/mydb/hoard/CMakeFiles/CMakeTmp'


Parsed C implicit link information from above output:
  link line regex: [^( *|.*[/\])(ld|CMAKE_LINK_STARTFILE-NOTFOUND|([^/\]+-)?ld|collect2)[^/\]*( |$)]
  ignore line: [Change Dir: /home/meggie/Documents/mydb/hoard/CMakeFiles/CMakeTmp]
  ignore line: []
  ignore line: [Run Build Command:"/usr/bin/make" "cmTC_aa99f/fast"]
  ignore line: [/usr/bin/make -f CMakeFiles/cmTC_aa99f.dir/build.make CMakeFiles/cmTC_aa99f.dir/build]
  ignore line: [make[1]: Entering directory '/home/meggie/Documents/mydb/hoard/CMakeFiles/CMakeTmp']
  ignore line: [Building C object CMakeFiles/cmTC_aa99f.dir/CMakeCCompilerABI.c.o]
  ignore line: [/usr/bin/cc    -o CMakeFiles/cmTC_aa99f.dir/CMakeCCompilerABI.c.o   -c /usr/local/share/cmake-3.9/Modules/CMakeCCompilerABI.c]
  ignore line: [Linking C executable cmTC_aa99f]
  ignore line: [/usr/local/bin/cmake -E cmake_link_script CMakeFiles/cmTC_aa99f.dir/link.txt --verbose=1]
  ignore line: [/usr/bin/cc     -v CMakeFiles/cmTC_aa99f.dir/CMakeCCompilerABI.c.o  -o cmTC_aa99f ]
  ignore line: [Using built-in specs.]
  ignore line: [COLLECT_GCC=/usr/bin/cc]
  ignore line: [COLLECT_LTO_WRAPPER=/usr/lib/gcc/x86_64-linux-gnu/5/lto-wrapper]
  ignore line: [Target: x86_64-linux-gnu]
  ignore line: [Configured with: ../src/configure -v --with-pkgversion='Ubuntu 5.4.0-6ubuntu1~16.04.10' --with-bugurl=file:///usr/share/doc/gcc-5/README.Bugs --enable-languages=c,ada,c++,java,go,d,fortran,objc,obj-c++ --prefix=/usr --program-suffix=-5 --enable-shared --enable-linker-build-id --libexecdir=/usr/lib --without-included-gettext --enable-threads=posix --libdir=/usr/lib --enable-nls --with-sysroot=/ --enable-clocale=gnu --enable-libstdcxx-debug --enable-libstdcxx-time=yes --with-default-libstdcxx-abi=new --enable-gnu-unique-object --disable-vtable-verify --enable-libmpx --enable-plugin --with-system-zlib --disable-browser-plugin --enable-java-awt=gtk --enable-gtk-cairo --with-java-home=/usr/lib/jvm/java-1.5.0-gcj-5-amd64/jre --enable-java-home --with-jvm-root-dir=/usr/lib/jvm/java-1.5.0-gcj-5-amd64 --with-jvm-jar-dir=/usr/lib/jvm-exports/java-1.5.0-gcj-5-amd64 --with-arch-directory=amd64 --with-ecj-jar=/usr/share/java/eclipse-ecj.jar --enable-objc-gc --enable-multiarch --disable-werror --with-arch-32=i686 --with-abi=m64 --with-multilib-list=m32,m64,mx32 --enable-multilib --with-tune=generic --enable-checking=release --build=x86_64-linux-gnu --host=x86_64-linux-gnu --target=x86_64-linux-gnu]
  ignore line: [Thread model: posix]
  ignore line: [gcc version 5.4.0 20160609 (Ubuntu 5.4.0-6ubuntu1~16.04.10) ]
  ignore line: [COMPILER_PATH=/usr/lib/gcc/x86_64-linux-gnu/5/:/usr/lib/gcc/x86_64-linux-gnu/5/:/usr/lib/gcc/x86_64-linux-gnu/:/usr/lib/gcc/x86_64-linux-gnu/5/:/usr/lib/gcc/x86_64-linux-gnu/]
  ignore line: [LIBRARY_PATH=/usr/lib/gcc/x86_64-linux-gnu/5/:/usr/lib/gcc/x86_64-linux-gnu/5/../../../x86_64-linux-gnu/:/usr/lib/gcc/x86_64-linux-gnu/5/../../../../lib/:/lib/x86_64-linux-gnu/:/lib/../lib/:/usr/lib/x86_64-linux-gnu/:/usr/lib/../lib/:/usr/lib/gcc/x86_64-linux-gnu/5/../../../:/lib/:/usr/lib/]
  ignore line: [COLLECT_GCC_OPTIONS='-v' '-o' 'cmTC_aa99f' '-mtune=generic' '-march=x86-64']
  link line: [ /usr/lib/gcc/x86_64-linux-gnu/5/collect2 -plugin /usr/lib/gcc/x86_64-linux-gnu/5/liblto_plugin.so -plugin-opt=/usr/lib/gcc/x86_64-linux-gnu/5/lto-wrapper -plugin-opt=-fresolution=/tmp/cc6VSXCs.res -plugin-opt=-pass-through=-lgcc -plugin-opt=-pass-through=-lgcc_s -plugin-opt=-pass-through=-lc -plugin-opt=-pass-through=-lgcc -plugin-opt=-pass-through=-lgcc_s --sysroot=/ --build-id --eh-frame-hdr -m elf_x86_64 --hash-style=gnu --as-needed -dynamic-linker /lib64/ld-linux-x86-64.so.2 -z relro -o cmTC_aa99f /usr/lib/gcc/x86_64-linux-gnu/5/../../../x86_64-linux-gnu/crt1.o /usr/lib/gcc/x86_64-linux-gnu/5/../../../x86_64-linux-gnu/crti.o /usr/lib/gcc/x86_64-linux-gnu/5/crtbegin.o -L/usr/lib/gcc/x86_64-linux-gnu/5 -L/usr/lib/gcc/x86_64-linux-gnu/5/../../../x86_64-linux-gnu -L/usr/lib/gcc/x86_64-linux-gnu/5/../../../../lib -L/lib/x86_64-linux-gnu -L/lib/../lib -L/usr/lib/x86_64-linux-gnu -L/usr/lib/../lib -L/usr/lib/gcc/x86_64-linux-gnu/5/../../.. CMakeFiles/cmTC_aa99f.dir/CMakeCCompilerABI.c.o -lgcc --as-needed -lgcc_s --no-as-needed -lc -lgcc --as-needed -lgcc_s --no-as-needed /usr/lib/gcc/x86_64-linux-gnu/5/crtend.o /usr/lib/gcc/x86_64-linux-gnu/5/../../../x86_64-linux-gnu/crtn.o]
    arg [/usr/lib/gcc/x86_64-linux-gnu/5/collect2] ==> ignore
    arg [-plugin] ==> ignore
    arg [/usr/lib/gcc/x86_64-linux-gnu/5/liblto_plugin.so] ==> ignore
    arg [-plugin-opt=/usr/lib/gcc/x86_64-linux-gnu/5/lto-wrapper] ==> ignore
    arg [-plugin-opt=-fresolution=/tmp/cc6VSXCs.res] ==> ignore
    arg [-plugin-opt=-pass-through=-lgcc] ==> ignore
    arg [-plugin-opt=-pass-through=-lgcc_s] ==> ignore
    arg [-plugin-opt=-pass-through=-lc] ==> ignore
    arg [-plugin-opt=-pass-through=-lgcc] ==> ignore
    arg [-plugin-opt=-pass-through=-lgcc_s] ==> ignore
    arg [--sysroot=/] ==> ignore
    arg [--build-id] ==> ignore
    arg [--eh-frame-hdr] ==> ignore
    arg [-m] ==> ignore
    arg [elf_x86_64] ==> ignore
    arg [--hash-style=gnu] ==> ignore
    arg [--as-needed] ==> ignore
    arg [-dynamic-linker] ==> ignore
    arg [/lib64/ld-linux-x86-64.so.2] ==> ignore
    arg [-zrelro] ==> ignore
    arg [-o] ==> ignore
    arg [cmTC_aa99f] ==> ignore
    arg [/usr/lib/gcc/x86_64-linux-gnu/5/../../../x86_64-linux-gnu/crt1.o] ==> ignore
    arg [/usr/lib/gcc/x86_64-linux-gnu/5/../../../x86_64-linux-gnu/crti.o] ==> ignore
    arg [/usr/lib/gcc/x86_64-linux-gnu/5/crtbegin.o] ==> ignore
    arg [-L/usr/lib/gcc/x86_64-linux-gnu/5] ==> dir [/usr/lib/gcc/x86_64-linux-gnu/5]
    arg [-L/usr/lib/gcc/x86_64-linux-gnu/5/../../../x86_64-linux-gnu] ==> dir [/usr/lib/gcc/x86_64-linux-gnu/5/../../../x86_64-linux-gnu]
    arg [-L/usr/lib/gcc/x86_64-linux-gnu/5/../../../../lib] ==> dir [/usr/lib/gcc/x86_64-linux-gnu/5/../../../../lib]
    arg [-L/lib/x86_64-linux-gnu] ==> dir [/lib/x86_64-linux-gnu]
    arg [-L/lib/../lib] ==> dir [/lib/../lib]
    arg [-L/usr/lib/x86_64-linux-gnu] ==> dir [/usr/lib/x86_64-linux-gnu]
    arg [-L/usr/lib/../lib] ==> dir [/usr/lib/../lib]
    arg [-L/usr/lib/gcc/x86_64-linux-gnu/5/../../..] ==> dir [/usr/lib/gcc/x86_64-linux-gnu/5/../../..]
    arg [CMakeFiles/cmTC_aa99f.dir/CMakeCCompilerABI.c.o] ==> ignore
    arg [-lgcc] ==> lib [gcc]
    arg [--as-needed] ==> ignore
    arg [-lgcc_s] ==> lib [gcc_s]
    arg [--no-as-needed] ==> ignore
    arg [-lc] ==> lib [c]
    arg [-lgcc] ==> lib [gcc]
    arg [--as-needed] ==> ignore
    arg [-lgcc_s] ==> lib [gcc_s]
    arg [--no-as-needed] ==> ignore
    arg [/usr/lib/gcc/x86_64-linux-gnu/5/crtend.o] ==> ignore
    arg [/usr/lib/gcc/x86_64-linux-gnu/5/../../../x86_64-linux-gnu/crtn.o] ==> ignore
  collapse library dir [/usr/lib/gcc/x86_64-linux-gnu/5] ==> [/usr/lib/gcc/x86_64-linux-gnu/5]
  collapse library dir [/usr/lib/gcc/x86_64-linux-gnu/5/../../../x86_64-linux-gnu] ==> [/usr/lib/x86_64-linux-gnu]
  collapse library dir [/usr/lib/gcc/x86_64-linux-gnu/5/../../../../lib] ==> [/usr/lib]
  collapse library dir [/lib/x86_64-linux-gnu] ==> [/lib/x86_64-linux-gnu]
  collapse library dir [/lib/../lib] ==> [/lib]
  collapse library dir [/usr/lib/x86_64-linux-gnu] ==> [/usr/lib/x86_64-linux-gnu]
  collapse library dir [/usr/lib/../lib] ==> [/usr/lib]
  collapse library dir [/usr/lib/gcc/x86_64-linux-gnu/5/../../..] ==> [/usr/lib]
  implicit libs: [gcc;gcc_s;c;gcc;gcc_s]
  implicit dirs: [/usr/lib/gcc/x86_64-linux-gnu/5;/usr/lib/x86_64-linux-gnu;/usr/lib;/lib/x86_64-linux-gnu;/lib]
  implicit fwks: []




Detecting C [-std=c11] compiler features compiled with the following output:
Change Dir: /home/meggie/Documents/mydb/hoard/CMakeFiles/CMakeTmp

Run Build Command:"/usr/bin/make" "cmTC_34f33/fast"
/usr/bin/make -f CMakeFiles/cmTC_34f33.dir/build.make CMakeFiles/cmTC_34f33.dir/build
make[1]: Entering directory '/home/meggie/Documents/mydb/hoard/CMakeFiles/CMakeTmp'
Building C object CMakeFiles/cmTC_34f33.dir/feature_tests.c.o
/usr/bin/cc   -std=c11 -o CMakeFiles/cmTC_34f33.dir/feature_tests.c.o   -c /home/meggie/Documents/mydb/hoard/CMakeFiles/feature_tests.c
Linking C executable cmTC_34f33
/usr/local/bin/cmake -E cmake_link_script CMakeFiles/cmTC_34f33.dir/link.txt --verbose=1
/usr/bin/cc      CMakeFiles/cmTC_34f33.dir/feature_tests.c.o  -o cmTC_34f33 
make[1]: Leaving directory '/home/meggie/Documents/mydb/hoard/CMakeFiles/CMakeTmp'


    Feature record: C_FEATURE:1c_function_prototypes
    Feature record: C_FEATURE:1c_restrict
    Feature record: C_FEATURE:1c_static_assert
    Feature record: C_FEATURE:1c_variadic_macros


Detecting C [-std=c99] compiler features compiled with the following output:
Change Dir: /home/meggie/Documents/mydb/hoard/CMakeFiles/CMakeTmp

Run Build Command:"/usr/bin/make" "cmTC_876c1/fast"
/usr/bin/make -f CMakeFiles/cmTC_876c1.dir/build.make CMakeFiles/cmTC_876c1.dir/build
make[1]: Entering directory '/home/meggie/Documents/mydb/hoard/CMakeFiles/CMakeTmp'
Building C object CMakeFiles/cmTC_876c1.dir/feature_tests.c.o
/usr/bin/cc   -std=c99 -o CMakeFiles/cmTC_876c1.dir/feature_tests.c.o   -c /home/meggie/Documents/mydb/hoard/CMakeFiles/feature_tests.c
Linking C executable cmTC_876c1
/usr/local/bin/cmake -E cmake_link_script CMakeFiles/cmTC_876c1.dir/link.txt --verbose=1
/usr/bin/cc      CMakeFiles/cmTC_876c1.dir/feature_tests.c.o  -o cmTC_876c1 
make[1]: Leaving directory '/home/meggie/Documents/mydb/hoard/CMakeFiles/CMakeTmp'


    Feature record: C_FEATURE:1c_function_prototypes
    Feature record: C_FEATURE:1c_restrict
    Feature record: C_FEATURE:0c_static_assert
    Feature record: C_FEATURE:1c_variadic_macros


Detecting C [-std=c90] compiler features compiled with the following output:
Change Dir: /home/meggie/Documents/mydb/hoard/CMakeFiles/CMakeTmp

Run Build Command:"/usr/bin/make" "cmTC_fba64/fast"
/usr/bin/make -f CMakeFiles/cmTC_fba64.dir/build.make CMakeFiles/cmTC_fba64.dir/build
make[1]: Entering directory '/home/meggie/Documents/mydb/hoard/CMakeFiles/CMakeTmp'
Building C object CMakeFiles/cmTC_fba64.dir/feature_tests.c.o
/usr/bin/cc   -std=c90 -o CMakeFiles/cmTC_fba64.dir/feature_tests.c.o   -c /home/meggie/Documents/mydb/hoard/CMakeFiles/feature_tests.c
Linking C executable cmTC_fba64
/usr/local/bin/cmake -E cmake_link_script CMakeFiles/cmTC_fba64.dir/link.txt --verbose=1
/usr/bin/cc      CMakeFiles/cmTC_fba64.dir/feature_tests.c.o  -o cmTC_fba64 
make[1]: Leaving directory '/home/meggie/Documents/mydb/hoard/CMakeFiles/CMakeTmp'


    Feature record: C_FEATURE:1c_function_prototypes
    Feature record: C_FEATURE:0c_restrict
    Feature record: C_FEATURE:0c_static_assert
    Feature record: C_FEATURE:0c_variadic_macros
Determining if the CXX compiler works passed with the following output:
Change Dir: /home/meggie/Documents/mydb/hoard/CMakeFiles/CMakeTmp

Run Build Command:"/usr/bin/make" "cmTC_198a0/fast"
/usr/bin/make -f CMakeFiles/cmTC_198a0.dir/build.make CMakeFiles/cmTC_198a0.dir/build
make[1]: Entering directory '/home/meggie/Documents/mydb/hoard/CMakeFiles/CMakeTmp'
Building CXX object CMakeFiles/cmTC_198a0.dir/testCXXCompiler.cxx.o
/usr/bin/c++     -o CMakeFiles/cmTC_198a0.dir/testCXXCompiler.cxx.o -c /home/meggie/Documents/mydb/hoard/CMakeFiles/CMakeTmp/testCXXCompiler.cxx
Linking CXX executable cmTC_198a0
/usr/local/bin/cmake -E cmake_link_script CMakeFiles/cmTC_198a0.dir/link.txt --verbose=1
/usr/bin/c++       CMakeFiles/cmTC_198a0.dir/testCXXCompiler.cxx.o  -o cmTC_198a0 
make[1]: Leaving directory '/home/meggie/Documents/mydb/hoard/CMakeFiles/CMakeTmp'


Detecting CXX compiler ABI info compiled with the following output:
Change Dir: /home/meggie/Documents/mydb/hoard/CMakeFiles/CMakeTmp

Run Build Command:"/usr/bin/make" "cmTC_4ac56/fast"
/usr/bin/make -f CMakeFiles/cmTC_4ac56.dir/build.make CMakeFiles/cmTC_4ac56.dir/build
make[1]: Entering directory '/home/meggie/Documents/mydb/hoard/CMakeFiles/CMakeTmp'
Building CXX object CMakeFiles/cmTC_4ac56.dir/CMakeCXXCompilerABI.cpp.o
/usr/bin/c++     -o CMakeFiles/cmTC_4ac56.dir/CMakeCXXCompilerABI.cpp.o -c /usr/local/share/cmake-3.9/Modules/CMakeCXXCompilerABI.cpp
Linking CXX executable cmTC_4ac56
/usr/local/bin/cmake -E cmake_link_script CMakeFiles/cmTC_4ac56.dir/link.txt --verbose=1
/usr/bin/c++      -v CMakeFiles/cmTC_4ac56.dir/CMakeCXXCompilerABI.cpp.o  -o cmTC_4ac56 
Using built-in specs.
COLLECT_GCC=/usr/bin/c++
COLLECT_LTO_WRAPPER=/usr/lib/gcc/x86_64-linux-gnu/5/lto-wrapper
Target: x86_64-linux-gnu
Configured with: ../src/configure -v --with-pkgversion='Ubuntu 5.4.0-6ubuntu1~16.04.10' --with-bugurl=file:///usr/share/doc/gcc-5/README.Bugs --enable-languages=c,ada,c++,java,go,d,fortran,objc,obj-c++ --prefix=/usr --program-suffix=-5 --enable-shared --enable-linker-build-id --libexecdir=/usr/lib --without-included-gettext --enable-threads=posix --libdir=/usr/lib --enable-nls --with-sysroot=/ --enable-clocale=gnu --enable-libstdcxx-debug --enable-libstdcxx-time=yes --with-default-libstdcxx-abi=new --enable-gnu-unique-object --disable-vtable-verify --enable-libmpx --enable-plugin --with-system-zlib --disable-browser-plugin --enable-java-awt=gtk --enable-gtk-cairo --with-java-home=/usr/lib/jvm/java-1.5.0-gcj-5-amd64/jre --enable-java-home --with-jvm-root-dir=/usr/lib/jvm/java-1.5.0-gcj-5-amd64 --with-jvm-jar-dir=/usr/lib/jvm-exports/java-1.5.0-gcj-5-amd64 --with-arch-directory=amd64 --with-ecj-jar=/usr/share/java/eclipse-ecj.jar --enable-objc-gc --enable-multiarch --disable-werror --with-arch-32=i686 --with-abi=m64 --with-multilib-list=m32,m64,mx32 --enable-multilib --with-tune=generic --enable-checking=release --build=x86_64-linux-gnu --host=x86_64-linux-gnu --target=x86_64-linux-gnu
Thread model: posix
gcc version 5.4.0 20160609 (Ubuntu 5.4.0-6ubuntu1~16.04.10) 
COMPILER_PATH=/usr/lib/gcc/x86_64-linux-gnu/5/:/usr/lib/gcc/x86_64-linux-gnu/5/:/usr/lib/gcc/x86_64-linux-gnu/:/usr/lib/gcc/x86_64-linux-gnu/5/:/usr/lib/gcc/x86_64-linux-gnu/
LIBRARY_PATH=/usr/lib/gcc/x86_64-linux-gnu/5/:/usr/lib/gcc/x86_64-linux-gnu/5/../../../x86_64-linux-gnu/:/usr/lib/gcc/x86_64-linux-gnu/5/../../../../lib/:/lib/x86_64-linux-gnu/:/lib/../lib/:/usr/lib/x86_64-linux-gnu/:/usr/lib/../lib/:/usr/lib/gcc/x86_64-linux-gnu/5/../../../:/lib/:/usr/lib/
COLLECT_GCC_OPTIONS='-v' '-o' 'cmTC_4ac56' '-shared-libgcc' '-mtune=generic' '-march=x86-64'
 /usr/lib/gcc/x86_64-linux-gnu/5/collect2 -plugin /usr/lib/gcc/x86_64-linux-gnu/5/liblto_plugin.so -plugin-opt=/usr/lib/gcc/x86_64-linux-gnu/5/lto-wrapper -plugin-opt=-fresolution=/tmp/ccaUMKVR.res -plugin-opt=-pass-through=-lgcc_s -plugin-opt=-pass-through=-lgcc -plugin-opt=-pass-through=-lc -plugin-opt=-pass-through=-lgcc_s -plugin-opt=-pass-through=-lgcc --sysroot=/ --build-id --eh-frame-hdr -m elf_x86_64 --hash-style=gnu --as-needed -dynamic-linker /lib64/ld-linux-x86-64.so.2 -z relro -o cmTC_4ac56 /usr/lib/gcc/x86_64-linux-gnu/5/../../../x86_64-linux-gnu/crt1.o /usr/lib/gcc/x86_64-linux-gnu/5/../../../x86_64-linux-gnu/crti.o /usr/lib/gcc/x86_64-linux-gnu/5/crtbegin.o -L/usr/lib/gcc/x86_64-linux-gnu/5 -L/usr/lib/gcc/x86_64-linux-gnu/5/../../../x86_64-linux-gnu -L/usr/lib/gcc/x86_64-linux-gnu/5/../../../../lib -L/lib/x86_64-linux-gnu -L/lib/../lib -L/usr/lib/x86_64-linux-gnu -L/usr/lib/../lib -L/usr/lib/gcc/x86_64-linux-gnu/5/../../.. CMakeFiles/cmTC_4ac56.dir/CMakeCXXCompilerABI.cpp.o -lstdc++ -lm -lgcc_s -lgcc -lc -lgcc_s -lgcc /usr/lib/gcc/x86_64-linux-gnu/5/crtend.o /usr/lib/gcc/x86_64-linux-gnu/5/../../../x86_64-linux-gnu/crtn.o
make[1]: Leaving directory '/home/meggie/Documents/mydb/hoard/CMakeFiles/CMakeTmp'


Parsed CXX implicit link information from above output:
  link line regex: [^( *|.*[/\])(ld|CMAKE_LINK_STARTFILE-NOTFOUND|([^/\]+-)?ld|collect2)[^/\]*( |$)]
  ignore line: [Change Dir: /home/meggie/Documents/mydb/hoard/CMakeFiles/CMakeTmp]
  ignore line: []
  ignore line: [Run Build Command:"/usr/bin/make" "cmTC_4ac56/fast"]
  ignore line: [/usr/bin/make -f CMakeFiles/cmTC_4ac56.dir/build.make CMakeFiles/cmTC_4ac56.dir/build]
  ignore line: [make[1]: Entering directory '/home/meggie/Documents/mydb/hoard/CMakeFiles/CMakeTmp']
  ignore line: [Building CXX object CMakeFiles/cmTC_4ac56.dir/CMakeCXXCompilerABI.cpp.o]
  ignore line: [/usr/bin/c++     -o CMakeFiles/cmTC_4ac56.dir/CMakeCXXCompilerABI.cpp.o -c /usr/local/share/cmake-3.9/Modules/CMakeCXXCompilerABI.cpp]
  ignore line: [Linking CXX executable cmTC_4ac56]
  ignore line: [/usr/local/bin/cmake -E cmake_link_script CMakeFiles/cmTC_4ac56.dir/link.txt --verbose=1]
  ignore line: [/usr/bin/c++      -v CMakeFiles/cmTC_4ac56.dir/CMakeCXXCompilerABI.cpp.o  -o cmTC_4ac56 ]
  ignore line: [Using built-in specs.]
  ignore line: [COLLECT_GCC=/usr/bin/c++]
  ignore line: [COLLECT_LTO_WRAPPER=/usr/lib/gcc/x86_64-linux-gnu/5/lto-wrapper]
  ignore line: [Target: x86_64-linux-gnu]
  ignore line: [Configured with: ../src/configure -v --with-pkgversion='Ubuntu 5.4.0-6ubuntu1~16.04.10' --with-bugurl=file:///usr/share/doc/gcc-5/README.Bugs --enable-languages=c,ada,c++,java,go,d,fortran,objc,obj-c++ --prefix=/usr --program-suffix=-5 --enable-shared --enable-linker-build-id --libexecdir=/usr/lib --without-included-gettext --enable-threads=posix --libdir=/usr/lib --enable-nls --with-sysroot=/ --enable-clocale=gnu --enable-libstdcxx-debug --enable-libstdcxx-time=yes --with-default-libstdcxx-abi=new --enable-gnu-unique-object --disable-vtable-verify --enable-libmpx --enable-plugin --with-system-zlib --disable-browser-plugin --enable-java-awt=gtk --enable-gtk-cairo --with-java-home=/usr/lib/jvm/java-1.5.0-gcj-5-amd64/jre --enable-java-home --with-jvm-root-dir=/usr/lib/jvm/java-1.5.0-gcj-5-amd64 --with-jvm-jar-dir=/usr/lib/jvm-exports/java-1.5.0-gcj-5-amd64 --with-arch-directory=amd64 --with-ecj-jar=/usr/share/java/eclipse-ecj.jar --enable-objc-gc --enable-multiarch --disable-werror --with-arch-32=i686 --with-abi=m64 --with-multilib-list=m32,m64,mx32 --enable-multilib --with-tune=generic --enable-checking=release --build=x86_64-linux-gnu --host=x86_64-linux-gnu --target=x86_64-linux-gnu]
  ignore line: [Thread model: posix]
  ignore line: [gcc version 5.4.0 20160609 (Ubuntu 5.4.0-6ubuntu1~16.04.10) ]
  ignore line: [COMPILER_PATH=/usr/lib/gcc/x86_64-linux-gnu/5/:/usr/lib/gcc/x86_64-linux-gnu/5/:/usr/lib/gcc/x86_64-linux-gnu/:/usr/lib/gcc/x86_64-linux-gnu/5/:/usr/lib/gcc/x86_64-linux-gnu/]
  ignore line: [LIBRARY_PATH=/usr/lib/gcc/x86_64-linux-gnu/5/:/usr/lib/gcc/x86_64-linux-gnu/5/../../../x86_64-linux-gnu/:/usr/lib/gcc/x86_64-linux-gnu/5/../../../../lib/:/lib/x86_64-linux-gnu/:/lib/../lib/:/usr/lib/x86_64-linux-gnu/:/usr/lib/../lib/:/usr/lib/gcc/x86_64-linux-gnu/5/../../../:/lib/:/usr/lib/]
  ignore line: [COLLECT_GCC_OPTIONS='-v' '-o' 'cmTC_4ac56' '-shared-libgcc' '-mtune=generic' '-march=x86-64']
  link line: [ /usr/lib/gcc/x86_64-linux-gnu/5/collect2 -plugin /usr/lib/gcc/x86_64-linux-gnu/5/liblto_plugin.so -plugin-opt=/usr/lib/gcc/x86_64-linux-gnu/5/lto-wrapper -plugin-opt=-fresolution=/tmp/ccaUMKVR.res -plugin-opt=-pass-through=-lgcc_s -plugin-opt=-pass-through=-lgcc -plugin-opt=-pass-through=-lc -plugin-opt=-pass-through=-lgcc_s -plugin-opt=-pass-through=-lgcc --sysroot=/ --build-id --eh-frame-hdr -m elf_x86_64 --hash-style=gnu --as-needed -dynamic-linker /lib64/ld-linux-x86-64.so.2 -z relro -o cmTC_4ac56 /usr/lib/gcc/x86_64-linux-gnu/5/../../../x86_64-linux-gnu/crt1.o /usr/lib/gcc/x86_64-linux-gnu/5/../../../x86_64-linux-gnu/crti.o /usr/lib/gcc/x86_64-linux-gnu/5/crtbegin.o -L/usr/lib/gcc/x86_64-linux-gnu/5 -L/usr/lib/gcc/x86_64-linux-gnu/5/../../../x86_64-linux-gnu -L/usr/lib/gcc/x86_64-linux-gnu/5/../../../../lib -L/lib/x86_64-linux-gnu -L/lib/../lib -L/usr/lib/x86_64-linux-gnu -L/usr/lib/../lib -L/usr/lib/gcc/x86_64-linux-gnu/5/../../.. CMakeFiles/cmTC_4ac56.dir/CMakeCXXCompilerABI.cpp.o -lstdc++ -lm -lgcc_s -lgcc -lc -lgcc_s -lgcc /usr/lib/gcc/x86_64-linux-gnu/5/crtend.o /usr/lib/gcc/x86_64-linux-gnu/5/../../../x86_64-linux-gnu/crtn.o]
    arg [/usr/lib/gcc/x86_64-linux-gnu/5/collect2] ==> ignore
    arg [-plugin] ==> ignore
    arg [/usr/lib/gcc/x86_64-linux-gnu/5/liblto_plugin.so] ==> ignore
    arg [-plugin-opt=/usr/lib/gcc/x86_64-linux-gnu/5/lto-wrapper] ==> ignore
    arg [-plugin-opt=-fresolution=/tmp/ccaUMKVR.res] ==> ignore
    arg [-plugin-opt=-pass-through=-lgcc_s] ==> ignore
    arg [-plugin-opt=-pass-through=-lgcc] ==> ignore
    arg [-plugin-opt=-pass-through=-lc] ==> ignore
    arg [-plugin-opt=-pass-through=-lgcc_s] ==> ignore
    arg [-plugin-opt=-pass-through=-lgcc] ==> ignore
    arg [--sysroot=/] ==> ignore
    arg [--build-id] ==> ignore
    arg [--eh-frame-hdr] ==> ignore
    arg [-m] ==> ignore
    arg [elf_x86_64] ==> ignore
    arg [--hash-style=gnu] ==> ignore
    arg [--as-needed] ==> ignore
    arg [-dynamic-linker] ==> ignore
    arg [/lib64/ld-linux-x86-64.so.2] ==> ignore
    arg [-zrelro] ==> ignore
    arg [-o] ==> ignore
    arg [cmTC_4ac56] ==> ignore
    arg [/usr/lib/gcc/x86_64-linux-gnu/5/../../../x86_64-linux-gnu/crt1.o] ==> ignore
    arg [/usr/lib/gcc/x86_64-linux-gnu/5/../../../x86_64-linux-gnu/crti.o] ==> ignore
    arg [/usr/lib/gcc/x86_64-linux-gnu/5/crtbegin.o] ==> ignore
    arg [-L/usr/lib/gcc/x86_64-linux-gnu/5] ==> dir [/usr/lib/gcc/x86_64-linux-gnu/5]
    arg [-L/usr/lib/gcc/x86_64-linux-gnu/5/../../../x86_64-linux-gnu] ==> dir [/usr/lib/gcc/x86_64-linux-gnu/5/../../../x86_64-linux-gnu]
    arg [-L/usr/lib/gcc/x86_64-linux-gnu/5/../../../../lib] ==> dir [/usr/lib/gcc/x86_64-linux-gnu/5/../../../../lib]
    arg [-L/lib/x86_64-linux-gnu] ==> dir [/lib/x86_64-linux-gnu]
    arg [-L/lib/../lib] ==> dir [/lib/../lib]
    arg [-L/usr/lib/x86_64-linux-gnu] ==> dir [/usr/lib/x86_64-linux-gnu]
    arg [-L/usr/lib/../lib] ==> dir [/usr/lib/../lib]
    arg [-L/usr/lib/gcc/x86_64-linux-gnu/5/../../..] ==> dir [/usr/lib/gcc/x86_64-linux-gnu/5/../../..]
    arg [CMakeFiles/cmTC_4ac56.dir/CMakeCXXCompilerABI.cpp.o] ==> ignore
    arg [-lstdc++] ==> lib [stdc++]
    arg [-lm] ==> lib [m]
    arg [-lgcc_s] ==> lib [gcc_s]
    arg [-lgcc] ==> lib [gcc]
    arg [-lc] ==> lib [c]
    arg [-lgcc_s] ==> lib [gcc_s]
    arg [-lgcc] ==> lib [gcc]
    arg [/usr/lib/gcc/x86_64-linux-gnu/5/crtend.o] ==> ignore
    arg [/usr/lib/gcc/x86_64-linux-gnu/5/../../../x86_64-linux-gnu/crtn.o] ==> ignore
  collapse library dir [/usr/lib/gcc/x86_64-linux-gnu/5] ==> [/usr/lib/gcc/x86_64-linux-gnu/5]
  collapse library dir [/usr/lib/gcc/x86_64-linux-gnu/5/../../../x86_64-linux-gnu] ==> [/usr/lib/x86_64-linux-gnu]
  collapse library dir [/usr/lib/gcc/x86_64-linux-gnu/5/../../../../lib] ==> [/usr/lib]
  collapse library dir [/lib/x86_64-linux-gnu] ==> [/lib/x86_64-linux-gnu]
  collapse library dir [/lib/../lib] ==> [/lib]
  collapse library dir [/usr/lib/x86_64-linux-gnu] ==> [/usr/lib/x86_64-linux-gnu]
  collapse library dir [/usr/lib/../lib] ==> [/usr/lib]
  collapse library dir [/usr/lib/gcc/x86_64-linux-gnu/5/../../..] ==> [/usr/lib]
  implicit libs: [stdc++;m;gcc_s;gcc;c;gcc_s;gcc]
  implicit dirs: [/usr/lib/gcc/x86_64-linux-gnu/5;/usr/lib/x86_64-linux-gnu;/usr/lib;/lib/x86_64-linux-gnu;/lib]
  implicit fwks: []




Detecting CXX [-std=c++1z] compiler features compiled with the following output:
Change Dir: /home/meggie/Documents/mydb/hoard/CMakeFiles/CMakeTmp

Run Build Command:"/usr/bin/make" "cmTC_0d0f4/fast"
/usr/bin/make -f CMakeFiles/cmTC_0d0f4.dir/build.make CMakeFiles/cmTC_0d0f4.dir/build
make[1]: Entering directory '/home/meggie/Documents/mydb/hoard/CMakeFiles/CMakeTmp'
Building CXX object CMakeFiles/cmTC_0d0f4.dir/feature_tests.cxx.o
/usr/bin/c++    -std=c++1z -o CMakeFiles/cmTC_0d0f4.dir/feature_tests.cxx.o -c /home/meggie/Documents/mydb/hoard/CMakeFiles/feature_tests.cxx
Linking CXX executable cmTC_0d0f4
/usr/local/bin/cmake -E cmake_link_script CMakeFiles/cmTC_0d0f4.dir/link.txt --verbose=1
/usr/bin/c++       CMakeFiles/cmTC_0d0f4.dir/feature_tests.cxx.o  -o cmTC_0d0f4 
make[1]: Leaving directory '/home/meggie/Documents/mydb/hoard/CMakeFiles/CMakeTmp'


    Feature record: CXX_FEATURE:1cxx_aggregate_default_initializers
    Feature record: CXX_FEATURE:1cxx_alias_templates
    Feature record: CXX_FEATURE:1cxx_alignas
    Feature record: CXX_FEATURE:1cxx_alignof
    Feature record: CXX_FEATURE:1cxx_attributes
    Feature record: CXX_FEATURE:1cxx_attribute_deprecated
    Feature record: CXX_FEATURE:1cxx_auto_type
    Feature record: CXX_FEATURE:1cxx_binary_literals
    Feature record: CXX_FEATURE:1cxx_constexpr
    Feature record: CXX_FEATURE:1cxx_contextual_conversions
    Feature record: CXX_FEATURE:1cxx_decltype
    Feature record: CXX_FEATURE:1cxx_decltype_auto
    Feature record: CXX_FEATURE:1cxx_decltype_incomplete_return_types
    Feature record: CXX_FEATURE:1cxx_default_function_template_args
    Feature record: CXX_FEATURE:1cxx_defaulted_functions
    Feature record: CXX_FEATURE:1cxx_defaulted_move_initializers
    Feature record: CXX_FEATURE:1cxx_delegating_constructors
    Feature record: CXX_FEATURE:1cxx_deleted_functions
    Feature record: CXX_FEATURE:1cxx_digit_separators
    Feature record: CXX_FEATURE:1cxx_enum_forward_declarations
    Feature record: CXX_FEATURE:1cxx_explicit_conversions
    Feature record: CXX_FEATURE:1cxx_extended_friend_declarations
    Feature record: CXX_FEATURE:1cxx_extern_templates
    Feature record: CXX_FEATURE:1cxx_final
    Feature record: CXX_FEATURE:1cxx_func_identifier
    Feature record: CXX_FEATURE:1cxx_generalized_initializers
    Feature record: CXX_FEATURE:1cxx_generic_lambdas
    Feature record: CXX_FEATURE:1cxx_inheriting_constructors
    Feature record: CXX_FEATURE:1cxx_inline_namespaces
    Feature record: CXX_FEATURE:1cxx_lambdas
    Feature record: CXX_FEATURE:1cxx_lambda_init_captures
    Feature record: CXX_FEATURE:1cxx_local_type_template_args
    Feature record: CXX_FEATURE:1cxx_long_long_type
    Feature record: CXX_FEATURE:1cxx_noexcept
    Feature record: CXX_FEATURE:1cxx_nonstatic_member_init
    Feature record: CXX_FEATURE:1cxx_nullptr
    Feature record: CXX_FEATURE:1cxx_override
    Feature record: CXX_FEATURE:1cxx_range_for
    Feature record: CXX_FEATURE:1cxx_raw_string_literals
    Feature record: CXX_FEATURE:1cxx_reference_qualified_functions
    Feature record: CXX_FEATURE:1cxx_relaxed_constexpr
    Feature record: CXX_FEATURE:1cxx_return_type_deduction
    Feature record: CXX_FEATURE:1cxx_right_angle_brackets
    Feature record: CXX_FEATURE:1cxx_rvalue_references
    Feature record: CXX_FEATURE:1cxx_sizeof_member
    Feature record: CXX_FEATURE:1cxx_static_assert
    Feature record: CXX_FEATURE:1cxx_strong_enums
    Feature record: CXX_FEATURE:1cxx_template_template_parameters
    Feature record: CXX_FEATURE:1cxx_thread_local
    Feature record: CXX_FEATURE:1cxx_trailing_return_types
    Feature record: CXX_FEATURE:1cxx_unicode_literals
    Feature record: CXX_FEATURE:1cxx_uniform_initialization
    Feature record: CXX_FEATURE:1cxx_unrestricted_unions
    Feature record: CXX_FEATURE:1cxx_user_literals
    Feature record: CXX_FEATURE:1cxx_variable_templates
    Feature record: CXX_FEATURE:1cxx_variadic_macros
    Feature record: CXX_FEATURE:1cxx_variadic_templates


Detecting CXX [-std=c++14] compiler features compiled with the following output:
Change Dir: /home/meggie/Documents/mydb/hoard/CMakeFiles/CMakeTmp

Run Build Command:"/usr/bin/make" "cmTC_65b6a/fast"
/usr/bin/make -f CMakeFiles/cmTC_65b6a.dir/build.make CMakeFiles/cmTC_65b6a.dir/build
make[1]: Entering directory '/home/meggie/Documents/mydb/hoard/CMakeFiles/CMakeTmp'
Building CXX object CMakeFiles/cmTC_65b6a.dir/feature_tests.cxx.o
/usr/bin/c++    -std=c++14 -o CMakeFiles/cmTC_65b6a.dir/feature_tests.cxx.o -c /home/meggie/Documents/mydb/hoard/CMakeFiles/feature_tests.cxx
Linking CXX executable cmTC_65b6a
/usr/local/bin/cmake -E cmake_link_script CMakeFiles/cmTC_65b6a.dir/link.txt --verbose=1
/usr/bin/c++       CMakeFiles/cmTC_65b6a.dir/feature_tests.cxx.o  -o cmTC_65b6a 
make[1]: Leaving directory '/home/meggie/Documents/mydb/hoard/CMakeFiles/CMakeTmp'


    Feature record: CXX_FEATURE:1cxx_aggregate_default_initializers
    Feature record: CXX_FEATURE:1cxx_alias_templates
    Feature record: CXX_FEATURE:1cxx_alignas
    Feature record: CXX_FEATURE:1cxx_alignof
    Feature record: CXX_FEATURE:1cxx_attributes
    Feature record: CXX_FEATURE:1cxx_attribute_deprecated
    Feature record: CXX_FEATURE:1cxx_auto_type
    Feature record: CXX_FEATURE:1cxx_binary_literals
    Feature record: CXX_FEATURE:1cxx_constexpr
    Feature record: CXX_FEATURE:1cxx_contextual_conversions
    Feature record: CXX_FEATURE:1cxx_decltype
    Feature record: CXX_FEATURE:1cxx_decltype_auto
    Feature record: CXX_FEATURE:1cxx_decltype_incomplete_return_types
    Feature record: CXX_FEATURE:1cxx_default_function_template_args
    Feature record: CXX_FEATURE:1cxx_defaulted_functions
    Feature record: CXX_FEATURE:1cxx_defaulted_move_initializers
    Feature record: CXX_FEATURE:1cxx_delegating_constructors
    Feature record: CXX_FEATURE:1cxx_deleted_functions
    Feature record: CXX_FEATURE:1cxx_digit_separators
    Feature record: CXX_FEATURE:1cxx_enum_forward_declarations
    Feature record: CXX_FEATURE:1cxx_explicit_conversions
    Feature record: CXX_FEATURE:1cxx_extended_friend_declarations
    Feature record: CXX_FEATURE:1cxx_extern_templates
    Feature record: CXX_FEATURE:1cxx_final
    Feature record: CXX_FEATURE:1cxx_func_identifier
    Feature record: CXX_FEATURE:1cxx_generalized_initializers
    Feature record: CXX_FEATURE:1cxx_generic_lambdas
    Feature record: CXX_FEATURE:1cxx_inheriting_constructors
    Feature record: CXX_FEATURE:1cxx_inline_namespaces
    Feature record: CXX_FEATURE:1cxx_lambdas
    Feature record: CXX_FEATURE:1cxx_lambda_init_captures
    Feature record: CXX_FEATURE:1cxx_local_type_template_args
    Feature record: CXX_FEATURE:1cxx_long_long_type
    Feature record: CXX_FEATURE:1cxx_noexcept
    Feature record: CXX_FEATURE:1cxx_nonstatic_member_init
    Feature record: CXX_FEATURE:1cxx_nullptr
    Feature record: CXX_FEATURE:1cxx_override
    Feature record: CXX_FEATURE:1cxx_range_for
    Feature record: CXX_FEATURE:1cxx_raw_string_literals
    Feature record: CXX_FEATURE:1cxx_reference_qualified_functions
    Feature record: CXX_FEATURE:1cxx_relaxed_constexpr
    Feature record: CXX_FEATURE:1cxx_return_type_deduction
    Feature record: CXX_FEATURE:1cxx_right_angle_brackets
    Feature record: CXX_FEATURE:1cxx_rvalue_references
    Feature record: CXX_FEATURE:1cxx_sizeof_member
    Feature record: CXX_FEATURE:1cxx_static_assert
    Feature record: CXX_FEATURE:1cxx_strong_enums
    Feature record: CXX_FEATURE:1cxx_template_template_parameters
    Feature record: CXX_FEATURE:1cxx_thread_local
    Feature record: CXX_FEATURE:1cxx_trailing_return_types
    Feature record: CXX_FEATURE:1cxx_unicode_literals
    Feature record: CXX_FEATURE:1cxx_uniform_initialization
    Feature record: CXX_FEATURE:1cxx_unrestricted_unions
    Feature record: CXX_FEATURE:1cxx_user_literals
    Feature record: CXX_FEATURE:1cxx_variable_templates
    Feature record: CXX_FEATURE:1cxx_variadic_macros
    Feature record: CXX_FEATURE:1cxx_variadic_templates


Detecting CXX [-std=c++11] compiler features compiled with the following output:
Change Dir: /home/meggie/Documents/mydb/hoard/CMakeFiles/CMakeTmp

Run Build Command:"/usr/bin/make" "cmTC_a2975/fast"
/usr/bin/make -f CMakeFiles/cmTC_a2975.dir/build.make CMakeFiles/cmTC_a2975.dir/build
make[1]: Entering directory '/home/meggie/Documents/mydb/hoard/CMakeFiles/CMakeTmp'
Building CXX object CMakeFiles/cmTC_a2975.dir/feature_tests.cxx.o
/usr/bin/c++    -std=c++11 -o CMakeFiles/cmTC_a2975.dir/feature_tests.cxx.o -c /home/meggie/Documents/mydb/hoard/CMakeFiles/feature_tests.cxx
Linking CXX executable cmTC_a2975
/usr/local/bin/cmake -E cmake_link_script CMakeFiles/cmTC_a2975.dir/link.txt --verbose=1
/usr/bin/c++       CMakeFiles/cmTC_a2975.dir/feature_tests.cxx.o  -o cmTC_a2975 
make[1]: Leaving directory '/home/meggie/Documents/mydb/hoard/CMakeFiles/CMakeTmp'


    Feature record: CXX_FEATURE:0cxx_aggregate_default_initializers
    Feature record: CXX_FEATURE:1cxx_alias_templates
    Feature record: CXX_FEATURE:1cxx_alignas
    Feature record: CXX_FEATURE:1cxx_alignof
    Feature record: CXX_FEATURE:1cxx_attributes
    Feature record: CXX_FEATURE:0cxx_attribute_deprecated
    Feature record: CXX_FEATURE:1cxx_auto_type
    Feature record: CXX_FEATURE:0cxx_binary_literals
    Feature record: CXX_FEATURE:1cxx_constexpr
    Feature record: CXX_FEATURE:0cxx_contextual_conversions
    Feature record: CXX_FEATURE:1cxx_decltype
    Feature record: CXX_FEATURE:0cxx_decltype_auto
    Feature record: CXX_FEATURE:1cxx_decltype_incomplete_return_types
    Feature record: CXX_FEATURE:1cxx_default_function_template_args
    Feature record: CXX_FEATURE:1cxx_defaulted_functions
    Feature record: CXX_FEATURE:1cxx_defaulted_move_initializers
    Feature record: CXX_FEATURE:1cxx_delegating_constructors
    Feature record: CXX_FEATURE:1cxx_deleted_functions
    Feature record: CXX_FEATURE:0cxx_digit_separators
    Feature record: CXX_FEATURE:1cxx_enum_forward_declarations
    Feature record: CXX_FEATURE:1cxx_explicit_conversions
    Feature record: CXX_FEATURE:1cxx_extended_friend_declarations
    Feature record: CXX_FEATURE:1cxx_extern_templates
    Feature record: CXX_FEATURE:1cxx_final
    Feature record: CXX_FEATURE:1cxx_func_identifier
    Feature record: CXX_FEATURE:1cxx_generalized_initializers
    Feature record: CXX_FEATURE:0cxx_generic_lambdas
    Feature record: CXX_FEATURE:1cxx_inheriting_constructors
    Feature record: CXX_FEATURE:1cxx_inline_namespaces
    Feature record: CXX_FEATURE:1cxx_lambdas
    Feature record: CXX_FEATURE:0cxx_lambda_init_captures
    Feature record: CXX_FEATURE:1cxx_local_type_template_args
    Feature record: CXX_FEATURE:1cxx_long_long_type
    Feature record: CXX_FEATURE:1cxx_noexcept
    Feature record: CXX_FEATURE:1cxx_nonstatic_member_init
    Feature record: CXX_FEATURE:1cxx_nullptr
    Feature record: CXX_FEATURE:1cxx_override
    Feature record: CXX_FEATURE:1cxx_range_for
    Feature record: CXX_FEATURE:1cxx_raw_string_literals
    Feature record: CXX_FEATURE:1cxx_reference_qualified_functions
    Feature record: CXX_FEATURE:0cxx_relaxed_constexpr
    Feature record: CXX_FEATURE:0cxx_return_type_deduction
    Feature record: CXX_FEATURE:1cxx_right_angle_brackets
    Feature record: CXX_FEATURE:1cxx_rvalue_references
    Feature record: CXX_FEATURE:1cxx_sizeof_member
    Feature record: CXX_FEATURE:1cxx_static_assert
    Feature record: CXX_FEATURE:1cxx_strong_enums
    Feature record: CXX_FEATURE:1cxx_template_template_parameters
    Feature record: CXX_FEATURE:1cxx_thread_local
    Feature record: CXX_FEATURE:1cxx_trailing_return_types
    Feature record: CXX_FEATURE:1cxx_unicode_literals
    Feature record: CXX_FEATURE:1cxx_uniform_initialization
    Feature record: CXX_FEATURE:1cxx_unrestricted_unions
    Feature record: CXX_FEATURE:1cxx_user_literals
    Feature record: CXX_FEATURE:0cxx_variable_templates
    Feature record: CXX_FEATURE:1cxx_variadic_macros
    Feature record: CXX_FEATURE:1cxx_variadic_templates


Detecting CXX [-std=c++98] compiler features compiled with the following output:
Change Dir: /home/meggie/Documents/mydb/hoard/CMakeFiles/CMakeTmp

Run Build Command:"/usr/bin/make" "cmTC_f7a0c/fast"
/usr/bin/make -f CMakeFiles/cmTC_f7a0c.dir/build.make CMakeFiles/cmTC_f7a0c.dir/build
make[1]: Entering directory '/home/meggie/Documents/mydb/hoard/CMakeFiles/CMakeTmp'
Building CXX object CMakeFiles/cmTC_f7a0c.dir/feature_tests.cxx.o
/usr/bin/c++    -std=c++98 -o CMakeFiles/cmTC_f7a0c.dir/feature_tests.cxx.o -c /home/meggie/Documents/mydb/hoard/CMakeFiles/feature_tests.cxx
Linking CXX executable cmTC_f7a0c
/usr/local/bin/cmake -E cmake_link_script CMakeFiles/cmTC_f7a0c.dir/link.txt --verbose=1
/usr/bin/c++       CMakeFiles/cmTC_f7a0c.dir/feature_tests.cxx.o  -o cmTC_f7a0c 
make[1]: Leaving directory '/home/meggie/Documents/mydb/hoard/CMakeFiles/CMakeTmp'


    Feature record: CXX_FEATURE:0cxx_aggregate_default_initializers
    Feature record: CXX_FEATURE:0cxx_alias_templates
    Feature record: CXX_FEATURE:0cxx_alignas
    Feature record: CXX_FEATURE:0cxx_alignof
    Feature record: CXX_FEATURE:0cxx_attributes
    Feature record: CXX_FEATURE:0cxx_attribute_deprecated
    Feature record: CXX_FEATURE:0cxx_auto_type
    Feature record: CXX_FEATURE:0cxx_binary_literals
    Feature record: CXX_FEATURE:0cxx_constexpr
    Feature record: CXX_FEATURE:0cxx_contextual_conversions
    Feature record: CXX_FEATURE:0cxx_decltype
    Feature record: CXX_FEATURE:0cxx_decltype_auto
    Feature record: CXX_FEATURE:0cxx_decltype_incomplete_return_types
    Feature record: CXX_FEATURE:0cxx_default_function_template_args
    Feature record: CXX_FEATURE:0cxx_defaulted_functions
    Feature record: CXX_FEATURE:0cxx_defaulted_move_initializers
    Feature record: CXX_FEATURE:0cxx_delegating_constructors
    Feature record: CXX_FEATURE:0cxx_deleted_functions
    Feature record: CXX_FEATURE:0cxx_digit_separators
    Feature record: CXX_FEATURE:0cxx_enum_forward_declarations
    Feature record: CXX_FEATURE:0cxx_explicit_conversions
    Feature record: CXX_FEATURE:0cxx_extended_friend_declarations
    Feature record: CXX_FEATURE:0cxx_extern_templates
    Feature record: CXX_FEATURE:0cxx_final
    Feature record: CXX_FEATURE:0cxx_func_identifier
    Feature record: CXX_FEATURE:0cxx_generalized_initializers
    Feature record: CXX_FEATURE:0cxx_generic_lambdas
    Feature record: CXX_FEATURE:0cxx_inheriting_constructors
    Feature record: CXX_FEATURE:0cxx_inline_namespaces
    Feature record: CXX_FEATURE:0cxx_lambdas
    Feature record: CXX_FEATURE:0cxx_lambda_init_captures
    Feature record: CXX_FEATURE:0cxx_local_type_template_args
    Feature record: CXX_FEATURE:0cxx_long_long_type
    Feature record: CXX_FEATURE:0cxx_noexcept
    Feature record: CXX_FEATURE:0cxx_nonstatic_member_init
    Feature record: CXX_FEATURE:0cxx_nullptr
    Feature record: CXX_FEATURE:0cxx_override
    Feature record: CXX_FEATURE:0cxx_range_for
    Feature record: CXX_FEATURE:0cxx_raw_string_literals
    Feature record: CXX_FEATURE:0cxx_reference_qualified_functions
    Feature record: CXX_FEATURE:0cxx_relaxed_constexpr
    Feature record: CXX_FEATURE:0cxx_return_type_deduction
    Feature record: CXX_FEATURE:0cxx_right_angle_brackets
    Feature record: CXX_FEATURE:0cxx_rvalue_references
    Feature record: CXX_FEATURE:0cxx_sizeof_member
    Feature record: CXX_FEATURE:0cxx_static_assert
    Feature record: CXX_FEATURE:0cxx_strong_enums
    Feature record: CXX_FEATURE:1cxx_template_template_parameters
    Feature record: CXX_FEATURE:0cxx_thread_local
    Feature record: CXX_FEATURE:0cxx_trailing_return_types
    Feature record: CXX_FEATURE:0cxx_unicode_literals
    Feature record: CXX_FEATURE:0cxx_uniform_initialization
    Feature record: CXX_FEATURE:0cxx_unrestricted_unions
    Feature record: CXX_FEATURE:0cxx_user_literals
    Feature record: CXX_FEATURE:0cxx_variable_templates
    Feature record: CXX_FEATURE:0cxx_variadic_macros
    Feature record: CXX_FEATURE:0cxx_variadic_templates
Determining if the include file sys/types.h exists passed with the following output:
Change Dir: /home/meggie/Documents/mydb/hoard/CMakeFiles/CMakeTmp

Run Build Command:"/usr/bin/make" "cmTC_8483b/fast"
/usr/bin/make -f CMakeFiles/cmTC_8483b.dir/build.make CMakeFiles/cmTC_8483b.dir/build
make[1]: Entering directory '/home/meggie/Documents/mydb/hoard/CMakeFiles/CMakeTmp'
Building C object CMakeFiles/cmTC_8483b.dir/CheckIncludeFile.c.o
/usr/bin/cc   -std=c11 -o CMakeFiles/cmTC_8483b.dir/CheckIncludeFile.c.o   -c /home/meggie/Documents/mydb/hoard/CMakeFiles/CMakeTmp/CheckIncludeFile.c
Linking C executable cmTC_8483b
/usr/local/bin/cmake -E cmake_link_script CMakeFiles/cmTC_8483b.dir/link.txt --verbose=1
/usr/bin/cc      CMakeFiles/cmTC_8483b.dir/CheckIncludeFile.c.o  -o cmTC_8483b 
make[1]: Leaving directory '/home/meggie/Documents/mydb/hoard/CMakeFiles/CMakeTmp'


Determining if the include file stdint.h exists passed with the following output:
Change Dir: /home/meggie/Documents/mydb/hoard/CMakeFiles/CMakeTmp

Run Build Command:"/usr/bin/make" "cmTC_05874/fast"
/usr/bin/make -f CMakeFiles/cmTC_05874.dir/build.make CMakeFiles/cmTC_05874.dir/build
make[1]: Entering directory '/home/meggie/Documents/mydb/hoard/CMakeFiles/CMakeTmp'
Building C object CMakeFiles/cmTC_05874.dir/CheckIncludeFile.c.o
/usr/bin/cc   -std=c11 -o CMakeFiles/cmTC_05874.dir/CheckIncludeFile.c.o   -c /home/meggie/Documents/mydb/hoard/CMakeFiles/CMakeTmp/CheckIncludeFile.c
Linking C executable cmTC_05874
/usr/local/bin/cmake -E cmake_link_script CMakeFiles/cmTC_05874.dir/link.txt --verbose=1
/usr/bin/cc      CMakeFiles/cmTC_05874.dir/CheckIncludeFile.c.o  -o cmTC_05874 
make[1]: Leaving directory '/home/meggie/Documents/mydb/hoard/CMakeFiles/CMakeTmp'


Determining if the include file stddef.h exists passed with the following output:
Change Dir: /home/meggie/Documents/mydb/hoard/CMakeFiles/CMakeTmp

Run Build Command:"/usr/bin/make" "cmTC_e1ed5/fast"
/usr/bin/make -f CMakeFiles/cmTC_e1ed5.dir/build.make CMakeFiles/cmTC_e1ed5.dir/build
make[1]: Entering directory '/home/meggie/Documents/mydb/hoard/CMakeFiles/CMakeTmp'
Building C object CMakeFiles/cmTC_e1ed5.dir/CheckIncludeFile.c.o
/usr/bin/cc   -std=c11 -o CMakeFiles/cmTC_e1ed5.dir/CheckIncludeFile.c.o   -c /home/meggie/Documents/mydb/hoard/CMakeFiles/CMakeTmp/CheckIncludeFile.c
Linking C executable cmTC_e1ed5
/usr/local/bin/cmake -E cmake_link_script CMakeFiles/cmTC_e1ed5.dir/link.txt --verbose=1
/usr/bin/cc      CMakeFiles/cmTC_e1ed5.dir/CheckIncludeFile.c.o  -o cmTC_e1ed5 
make[1]: Leaving directory '/home/meggie/Documents/mydb/hoard/CMakeFiles/CMakeTmp'


Determining size of unsigned short passed with the following output:
Change Dir: /home/meggie/Documents/mydb/hoard/CMakeFiles/CMakeTmp

Run Build Command:"/usr/bin/make" "cmTC_9fd89/fast"
/usr/bin/make -f CMakeFiles/cmTC_9fd89.dir/build.make CMakeFiles/cmTC_9fd89.dir/build
make[1]: Entering directory '/home/meggie/Documents/mydb/hoard/CMakeFiles/CMakeTmp'
Building C object CMakeFiles/cmTC_9fd89.dir/CMAKE_SIZEOF_UNSIGNED_SHORT.c.o
/usr/bin/cc   -std=c11 -o CMakeFiles/cmTC_9fd89.dir/CMAKE_SIZEOF_UNSIGNED_SHORT.c.o   -c /home/meggie/Documents/mydb/hoard/CMakeFiles/CheckTypeSize/CMAKE_SIZEOF_UNSIGNED_SHORT.c
Linking C executable cmTC_9fd89
/usr/local/bin/cmake -E cmake_link_script CMakeFiles/cmTC_9fd89.dir/link.txt --verbose=1
/usr/bin/cc      CMakeFiles/cmTC_9fd89.dir/CMAKE_SIZEOF_UNSIGNED_SHORT.c.o  -o cmTC_9fd89 
make[1]: Leaving directory '/home/meggie/Documents/mydb/hoard/CMakeFiles/CMakeTmp'


Determining if the system is big endian passed with the following output:
Change Dir: /home/meggie/Documents/mydb/hoard/CMakeFiles/CMakeTmp

Run Build Command:"/usr/bin/make" "cmTC_67035/fast"
/usr/bin/make -f CMakeFiles/cmTC_67035.dir/build.make CMakeFiles/cmTC_67035.dir/build
make[1]: Entering directory '/home/meggie/Documents/mydb/hoard/CMakeFiles/CMakeTmp'
Building C object CMakeFiles/cmTC_67035.dir/TestEndianess.c.o
/usr/bin/cc   -std=c11 -o CMakeFiles/cmTC_67035.dir/TestEndianess.c.o   -c /home/meggie/Documents/mydb/hoard/CMakeFiles/CMakeTmp/TestEndianess.c
Linking C executable cmTC_67035
/usr/local/bin/cmake -E cmake_link_script CMakeFiles/cmTC_67035.dir/link.txt --verbose=1
/usr/bin/cc      CMakeFiles/cmTC_67035.dir/TestEndianess.c.o  -o cmTC_67035 
make[1]: Leaving directory '/home/meggie/Documents/mydb/hoard/CMakeFiles/CMakeTmp'

TestEndianess.c:
/* A 16 bit integer is required. */
typedef unsigned short cmakeint16;

/* On a little endian machine, these 16bit ints will give "THIS IS LITTLE ENDIAN."
   On a big endian machine the characters will be exchanged pairwise. */
const cmakeint16 info_little[] =  {0x4854, 0x5349, 0x4920, 0x2053, 0x494c, 0x5454, 0x454c, 0x4520, 0x444e, 0x4149, 0x2e4e, 0x0000};

/* on a big endian machine, these 16bit ints will give "THIS IS BIG ENDIAN."
   On a little endian machine the characters will be exchanged pairwise. */
const cmakeint16 info_big[] =     {0x5448, 0x4953, 0x2049, 0x5320, 0x4249, 0x4720, 0x454e, 0x4449, 0x414e, 0x2e2e, 0x0000};

#ifdef __CLASSIC_C__
int main(argc, argv) int argc; char *argv[];
#else
int main(int argc, char *argv[])
#endif
{
  int require = 0;
  require += info_little[argc];
  require += info_big[argc];
  (void)argv;
  return require;
}


Determining if the include file unistd.h exists passed with the following output:
Change Dir: /home/meggie/Documents/mydb/hoard/CMakeFiles/CMakeTmp

Run Build Command:"/usr/bin/make" "cmTC_3759b/fast"
/usr/bin/make -f CMakeFiles/cmTC_3759b.dir/build.make CMakeFiles/cmTC_3759b.dir/build
make[1]: Entering directory '/home/meggie/Documents/mydb/hoard/CMakeFiles/CMakeTmp'
Building C object CMakeFiles/cmTC_3759b.dir/CheckIncludeFile.c.o
/usr/bin/cc   -std=c11 -o CMakeFiles/cmTC_3759b.dir/CheckIncludeFile.c.o   -c /home/meggie/Documents/mydb/hoard/CMakeFiles/CMakeTmp/CheckIncludeFile.c
Linking C executable cmTC_3759b
/usr/local/bin/cmake -E cmake_link_script CMakeFiles/cmTC_3759b.dir/link.txt --verbose=1
/usr/bin/cc      CMakeFiles/cmTC_3759b.dir/CheckIncludeFile.c.o  -o cmTC_3759b 
make[1]: Leaving directory '/home/meggie/Documents/mydb/hoard/CMakeFiles/CMakeTmp'


Determining if the fdatasync exist passed with the following output:
Change Dir: /home/meggie/Documents/mydb/hoard/CMakeFiles/CMakeTmp

Run Build Command:"/usr/bin/make" "cmTC_7f2c8/fast"
/usr/bin/make -f CMakeFiles/cmTC_7f2c8.dir/build.make CMakeFiles/cmTC_7f2c8.dir/build
make[1]: Entering directory '/home/meggie/Documents/mydb/hoard/CMakeFiles/CMakeTmp'
Building CXX object CMakeFiles/cmTC_7f2c8.dir/CheckSymbolExists.cxx.o
/usr/bin/c++    -std=c++11 -o CMakeFiles/cmTC_7f2c8.dir/CheckSymbolExists.cxx.o -c /home/meggie/Documents/mydb/hoard/CMakeFiles/CMakeTmp/CheckSymbolExists.cxx
Linking CXX executable cmTC_7f2c8
/usr/local/bin/cmake -E cmake_link_script CMakeFiles/cmTC_7f2c8.dir/link.txt --verbose=1
/usr/bin/c++       CMakeFiles/cmTC_7f2c8.dir/CheckSymbolExists.cxx.o  -o cmTC_7f2c8 
make[1]: Leaving directory '/home/meggie/Documents/mydb/hoard/CMakeFiles/CMakeTmp'

File /home/meggie/Documents/mydb/hoard/CMakeFiles/CMakeTmp/CheckSymbolExists.cxx:
/* */
#include <unistd.h>

int main(int argc, char** argv)
{
  (void)argv;
#ifndef fdatasync
  return ((int*)(&fdatasync))[argc];
#else
  (void)argc;
  return 0;
#endif
}

Performing C++ SOURCE FILE Test HAVE_CXX17_HAS_INCLUDE succeeded with the following output:
Change Dir: /home/meggie/Documents/mydb/hoard/CMakeFiles/CMakeTmp

Run Build Command:"/usr/bin/make" "cmTC_67bc4/fast"
/usr/bin/make -f CMakeFiles/cmTC_67bc4.dir/build.make CMakeFiles/cmTC_67bc4.dir/build
make[1]: Entering directory '/home/meggie/Documents/mydb/hoard/CMakeFiles/CMakeTmp'
Building CXX object CMakeFiles/cmTC_67bc4.dir/src.cxx.o
/usr/bin/c++    -DHAVE_CXX17_HAS_INCLUDE   -std=c++11 -o CMakeFiles/cmTC_67bc4.dir/src.cxx.o -c /home/meggie/Documents/mydb/hoard/CMakeFiles/CMakeTmp/src.cxx
Linking CXX executable cmTC_67bc4
/usr/local/bin/cmake -E cmake_link_script CMakeFiles/cmTC_67bc4.dir/link.txt --verbose=1
/usr/bin/c++   -DHAVE_CXX17_HAS_INCLUDE    CMakeFiles/cmTC_67bc4.dir/src.cxx.o  -o cmTC_67bc4 
make[1]: Leaving directory '/home/meggie/Documents/mydb/hoard/CMakeFiles/CMakeTmp'

Source file was:

#if defined(__has_include) &&  __has_include(<string>)
#include <string>
#endif
int main() { std::string str; return 0; }

Determining if the include file pthread.h exists passed with the following output:
Change Dir: /home/meggie/Documents/mydb/hoard/CMakeFiles/CMakeTmp

Run Build Command:"/usr/bin/make" "cmTC_62743/fast"
/usr/bin/make -f CMakeFiles/cmTC_62743.dir/build.make CMakeFiles/cmTC_62743.dir/build
make[1]: Entering directory '/home/meggie/Documents/mydb/hoard/CMakeFiles/CMakeTmp'
Building C object CMakeFiles/cmTC_62743.dir/CheckIncludeFile.c.o
/usr/bin/cc   -std=c11 -o CMakeFiles/cmTC_62743.dir/CheckIncludeFile.c.o   -c /home/meggie/Documents/mydb/hoard/CMakeFiles/CMakeTmp/CheckIncludeFile.c
Linking C executable cmTC_62743
/usr/local/bin/cmake -E cmake_link_script CMakeFiles/cmTC_62743.dir/link.txt --verbose=1
/usr/bin/cc      CMakeFiles/cmTC_62743.dir/CheckIncludeFile.c.o  -o cmTC_62743 
make[1]: Leaving directory '/home/meggie/Documents/mydb/hoard/CMakeFiles/CMakeTmp'


Determining if the function pthread_create exists in the pthread passed with the following output:
Change Dir: /home/meggie/Documents/mydb/hoard/CMakeFiles/CMakeTmp

Run Build Command:"/usr/bin/make" "cmTC_1f8a3/fast"
/usr/bin/make -f CMakeFiles/cmTC_1f8a3.dir/build.make CMakeFiles/cmTC_1f8a3.dir/build
make[1]: Entering directory '/home/meggie/Documents/mydb/hoard/CMakeFiles/CMakeTmp'
Building C object CMakeFiles/cmTC_1f8a3.dir/CheckFunctionExists.c.o
/usr/bin/cc   -DCHECK_FUNCTION_EXISTS=pthread_create   -std=c11 -o CMakeFiles/cmTC_1f8a3.dir/CheckFunctionExists.c.o   -c /usr/local/share/cmake-3.9/Modules/CheckFunctionExists.c
Linking C executable cmTC_1f8a3
/usr/local/bin/cmake -E cmake_link_script CMakeFiles/cmTC_1f8a3.dir/link.txt --verbose=1
/usr/bin/cc  -DCHECK_FUNCTION_EXISTS=pthread_create    CMakeFiles/cmTC_1f8a3.dir/CheckFunctionExists.c.o  -o cmTC_1f8a3 -lpthread 
make[1]: Leaving directory '/home/meggie/Documents/mydb/hoard/CMakeFiles/CMakeTmp'


