Determining if the function crc32c_value exists in the crc32c failed with the following output:
Change Dir: /home/meggie/文档/hotnvmdb/build/CMakeFiles/CMakeTmp

Run Build Command:"/usr/bin/make" "cmTC_61ad4/fast"
/usr/bin/make -f CMakeFiles/cmTC_61ad4.dir/build.make CMakeFiles/cmTC_61ad4.dir/build
make[1]: Entering directory '/home/meggie/文档/hotnvmdb/build/CMakeFiles/CMakeTmp'
Building C object CMakeFiles/cmTC_61ad4.dir/CheckFunctionExists.c.o
/usr/bin/cc   -DCHECK_FUNCTION_EXISTS=crc32c_value   -std=c11 -o CMakeFiles/cmTC_61ad4.dir/CheckFunctionExists.c.o   -c /usr/local/share/cmake-3.9/Modules/CheckFunctionExists.c
Linking C executable cmTC_61ad4
/usr/local/bin/cmake -E cmake_link_script CMakeFiles/cmTC_61ad4.dir/link.txt --verbose=1
/usr/bin/cc  -DCHECK_FUNCTION_EXISTS=crc32c_value    CMakeFiles/cmTC_61ad4.dir/CheckFunctionExists.c.o  -o cmTC_61ad4 -lcrc32c 
/usr/bin/ld: 找不到 -lcrc32c
collect2: error: ld returned 1 exit status
CMakeFiles/cmTC_61ad4.dir/build.make:97: recipe for target 'cmTC_61ad4' failed
make[1]: *** [cmTC_61ad4] Error 1
make[1]: Leaving directory '/home/meggie/文档/hotnvmdb/build/CMakeFiles/CMakeTmp'
Makefile:126: recipe for target 'cmTC_61ad4/fast' failed
make: *** [cmTC_61ad4/fast] Error 2


Determining if the function snappy_compress exists in the snappy failed with the following output:
Change Dir: /home/meggie/文档/hotnvmdb/build/CMakeFiles/CMakeTmp

Run Build Command:"/usr/bin/make" "cmTC_16fdc/fast"
/usr/bin/make -f CMakeFiles/cmTC_16fdc.dir/build.make CMakeFiles/cmTC_16fdc.dir/build
make[1]: Entering directory '/home/meggie/文档/hotnvmdb/build/CMakeFiles/CMakeTmp'
Building C object CMakeFiles/cmTC_16fdc.dir/CheckFunctionExists.c.o
/usr/bin/cc   -DCHECK_FUNCTION_EXISTS=snappy_compress   -std=c11 -o CMakeFiles/cmTC_16fdc.dir/CheckFunctionExists.c.o   -c /usr/local/share/cmake-3.9/Modules/CheckFunctionExists.c
Linking C executable cmTC_16fdc
/usr/local/bin/cmake -E cmake_link_script CMakeFiles/cmTC_16fdc.dir/link.txt --verbose=1
/usr/bin/cc  -DCHECK_FUNCTION_EXISTS=snappy_compress    CMakeFiles/cmTC_16fdc.dir/CheckFunctionExists.c.o  -o cmTC_16fdc -lsnappy 
/usr/bin/ld: 找不到 -lsnappy
collect2: error: ld returned 1 exit status
CMakeFiles/cmTC_16fdc.dir/build.make:97: recipe for target 'cmTC_16fdc' failed
make[1]: *** [cmTC_16fdc] Error 1
make[1]: Leaving directory '/home/meggie/文档/hotnvmdb/build/CMakeFiles/CMakeTmp'
Makefile:126: recipe for target 'cmTC_16fdc/fast' failed
make: *** [cmTC_16fdc/fast] Error 2


Determining if the function malloc exists in the tcmalloc failed with the following output:
Change Dir: /home/meggie/文档/hotnvmdb/build/CMakeFiles/CMakeTmp

Run Build Command:"/usr/bin/make" "cmTC_0b36e/fast"
/usr/bin/make -f CMakeFiles/cmTC_0b36e.dir/build.make CMakeFiles/cmTC_0b36e.dir/build
make[1]: Entering directory '/home/meggie/文档/hotnvmdb/build/CMakeFiles/CMakeTmp'
Building C object CMakeFiles/cmTC_0b36e.dir/CheckFunctionExists.c.o
/usr/bin/cc   -DCHECK_FUNCTION_EXISTS=malloc   -std=c11 -o CMakeFiles/cmTC_0b36e.dir/CheckFunctionExists.c.o   -c /usr/local/share/cmake-3.9/Modules/CheckFunctionExists.c
<command-line>:0:23: warning: conflicting types for built-in function ‘malloc’
/usr/local/share/cmake-3.9/Modules/CheckFunctionExists.c:7:3: note: in expansion of macro ‘CHECK_FUNCTION_EXISTS’
   CHECK_FUNCTION_EXISTS(void);
   ^
Linking C executable cmTC_0b36e
/usr/local/bin/cmake -E cmake_link_script CMakeFiles/cmTC_0b36e.dir/link.txt --verbose=1
/usr/bin/cc  -DCHECK_FUNCTION_EXISTS=malloc    CMakeFiles/cmTC_0b36e.dir/CheckFunctionExists.c.o  -o cmTC_0b36e -ltcmalloc 
/usr/bin/ld: 找不到 -ltcmalloc
collect2: error: ld returned 1 exit status
CMakeFiles/cmTC_0b36e.dir/build.make:97: recipe for target 'cmTC_0b36e' failed
make[1]: *** [cmTC_0b36e] Error 1
make[1]: Leaving directory '/home/meggie/文档/hotnvmdb/build/CMakeFiles/CMakeTmp'
Makefile:126: recipe for target 'cmTC_0b36e/fast' failed
make: *** [cmTC_0b36e/fast] Error 2


Determining if the F_FULLFSYNC exist failed with the following output:
Change Dir: /home/meggie/文档/hotnvmdb/build/CMakeFiles/CMakeTmp

Run Build Command:"/usr/bin/make" "cmTC_caa0c/fast"
/usr/bin/make -f CMakeFiles/cmTC_caa0c.dir/build.make CMakeFiles/cmTC_caa0c.dir/build
make[1]: Entering directory '/home/meggie/文档/hotnvmdb/build/CMakeFiles/CMakeTmp'
Building CXX object CMakeFiles/cmTC_caa0c.dir/CheckSymbolExists.cxx.o
/usr/bin/c++    -std=c++11 -o CMakeFiles/cmTC_caa0c.dir/CheckSymbolExists.cxx.o -c /home/meggie/文档/hotnvmdb/build/CMakeFiles/CMakeTmp/CheckSymbolExists.cxx
/home/meggie/文档/hotnvmdb/build/CMakeFiles/CMakeTmp/CheckSymbolExists.cxx: In function ‘int main(int, char**)’:
/home/meggie/文档/hotnvmdb/build/CMakeFiles/CMakeTmp/CheckSymbolExists.cxx:8:19: error: ‘F_FULLFSYNC’ was not declared in this scope
   return ((int*)(&F_FULLFSYNC))[argc];
                   ^
CMakeFiles/cmTC_caa0c.dir/build.make:65: recipe for target 'CMakeFiles/cmTC_caa0c.dir/CheckSymbolExists.cxx.o' failed
make[1]: *** [CMakeFiles/cmTC_caa0c.dir/CheckSymbolExists.cxx.o] Error 1
make[1]: Leaving directory '/home/meggie/文档/hotnvmdb/build/CMakeFiles/CMakeTmp'
Makefile:126: recipe for target 'cmTC_caa0c/fast' failed
make: *** [cmTC_caa0c/fast] Error 2

File /home/meggie/文档/hotnvmdb/build/CMakeFiles/CMakeTmp/CheckSymbolExists.cxx:
/* */
#include <fcntl.h>

int main(int argc, char** argv)
{
  (void)argv;
#ifndef F_FULLFSYNC
  return ((int*)(&F_FULLFSYNC))[argc];
#else
  (void)argc;
  return 0;
#endif
}

Performing C++ SOURCE FILE Test HAVE_CLANG_THREAD_SAFETY failed with the following output:
Change Dir: /home/meggie/文档/hotnvmdb/build/CMakeFiles/CMakeTmp

Run Build Command:"/usr/bin/make" "cmTC_45120/fast"
/usr/bin/make -f CMakeFiles/cmTC_45120.dir/build.make CMakeFiles/cmTC_45120.dir/build
make[1]: Entering directory '/home/meggie/文档/hotnvmdb/build/CMakeFiles/CMakeTmp'
Building CXX object CMakeFiles/cmTC_45120.dir/src.cxx.o
/usr/bin/c++    -DHAVE_CLANG_THREAD_SAFETY -Werror   -std=c++11 -o CMakeFiles/cmTC_45120.dir/src.cxx.o -c /home/meggie/文档/hotnvmdb/build/CMakeFiles/CMakeTmp/src.cxx
/home/meggie/文档/hotnvmdb/build/CMakeFiles/CMakeTmp/src.cxx:2:34: error: ‘lockable’ attribute directive ignored [-Werror=attributes]
 struct __attribute__((lockable)) Lock {
                                  ^
/home/meggie/文档/hotnvmdb/build/CMakeFiles/CMakeTmp/src.cxx:3:59: error: ‘exclusive_lock_function’ attribute directive ignored [-Werror=attributes]
   void Acquire() __attribute__((exclusive_lock_function()));
                                                           ^
/home/meggie/文档/hotnvmdb/build/CMakeFiles/CMakeTmp/src.cxx:4:51: error: ‘unlock_function’ attribute directive ignored [-Werror=attributes]
   void Release() __attribute__((unlock_function()));
                                                   ^
/home/meggie/文档/hotnvmdb/build/CMakeFiles/CMakeTmp/src.cxx:8:46: error: ‘guarded_by’ attribute directive ignored [-Werror=attributes]
   int data_ __attribute__((guarded_by(lock_)));
                                              ^
cc1plus: all warnings being treated as errors
CMakeFiles/cmTC_45120.dir/build.make:65: recipe for target 'CMakeFiles/cmTC_45120.dir/src.cxx.o' failed
make[1]: *** [CMakeFiles/cmTC_45120.dir/src.cxx.o] Error 1
make[1]: Leaving directory '/home/meggie/文档/hotnvmdb/build/CMakeFiles/CMakeTmp'
Makefile:126: recipe for target 'cmTC_45120/fast' failed
make: *** [cmTC_45120/fast] Error 2

Source file was:

struct __attribute__((lockable)) Lock {
  void Acquire() __attribute__((exclusive_lock_function()));
  void Release() __attribute__((unlock_function()));
};
struct ThreadSafeType {
  Lock lock_;
  int data_ __attribute__((guarded_by(lock_)));
};
int main() { return 0; }

Determining if the pthread_create exist failed with the following output:
Change Dir: /home/meggie/文档/hotnvmdb/build/CMakeFiles/CMakeTmp

Run Build Command:"/usr/bin/make" "cmTC_be77d/fast"
/usr/bin/make -f CMakeFiles/cmTC_be77d.dir/build.make CMakeFiles/cmTC_be77d.dir/build
make[1]: Entering directory '/home/meggie/文档/hotnvmdb/build/CMakeFiles/CMakeTmp'
Building C object CMakeFiles/cmTC_be77d.dir/CheckSymbolExists.c.o
/usr/bin/cc   -std=c11 -o CMakeFiles/cmTC_be77d.dir/CheckSymbolExists.c.o   -c /home/meggie/文档/hotnvmdb/build/CMakeFiles/CMakeTmp/CheckSymbolExists.c
Linking C executable cmTC_be77d
/usr/local/bin/cmake -E cmake_link_script CMakeFiles/cmTC_be77d.dir/link.txt --verbose=1
/usr/bin/cc      CMakeFiles/cmTC_be77d.dir/CheckSymbolExists.c.o  -o cmTC_be77d 
CMakeFiles/cmTC_be77d.dir/CheckSymbolExists.c.o：在函数‘main’中：
CheckSymbolExists.c:(.text+0x16)：对‘pthread_create’未定义的引用
collect2: error: ld returned 1 exit status
CMakeFiles/cmTC_be77d.dir/build.make:97: recipe for target 'cmTC_be77d' failed
make[1]: *** [cmTC_be77d] Error 1
make[1]: Leaving directory '/home/meggie/文档/hotnvmdb/build/CMakeFiles/CMakeTmp'
Makefile:126: recipe for target 'cmTC_be77d/fast' failed
make: *** [cmTC_be77d/fast] Error 2

File /home/meggie/文档/hotnvmdb/build/CMakeFiles/CMakeTmp/CheckSymbolExists.c:
/* */
#include <pthread.h>

int main(int argc, char** argv)
{
  (void)argv;
#ifndef pthread_create
  return ((int*)(&pthread_create))[argc];
#else
  (void)argc;
  return 0;
#endif
}

Determining if the function pthread_create exists in the pthreads failed with the following output:
Change Dir: /home/meggie/文档/hotnvmdb/build/CMakeFiles/CMakeTmp

Run Build Command:"/usr/bin/make" "cmTC_93419/fast"
/usr/bin/make -f CMakeFiles/cmTC_93419.dir/build.make CMakeFiles/cmTC_93419.dir/build
make[1]: Entering directory '/home/meggie/文档/hotnvmdb/build/CMakeFiles/CMakeTmp'
Building C object CMakeFiles/cmTC_93419.dir/CheckFunctionExists.c.o
/usr/bin/cc   -DCHECK_FUNCTION_EXISTS=pthread_create   -std=c11 -o CMakeFiles/cmTC_93419.dir/CheckFunctionExists.c.o   -c /usr/local/share/cmake-3.9/Modules/CheckFunctionExists.c
Linking C executable cmTC_93419
/usr/local/bin/cmake -E cmake_link_script CMakeFiles/cmTC_93419.dir/link.txt --verbose=1
/usr/bin/cc  -DCHECK_FUNCTION_EXISTS=pthread_create    CMakeFiles/cmTC_93419.dir/CheckFunctionExists.c.o  -o cmTC_93419 -lpthreads 
/usr/bin/ld: 找不到 -lpthreads
collect2: error: ld returned 1 exit status
CMakeFiles/cmTC_93419.dir/build.make:97: recipe for target 'cmTC_93419' failed
make[1]: *** [cmTC_93419] Error 1
make[1]: Leaving directory '/home/meggie/文档/hotnvmdb/build/CMakeFiles/CMakeTmp'
Makefile:126: recipe for target 'cmTC_93419/fast' failed
make: *** [cmTC_93419/fast] Error 2


Determining if the function sqlite3_open exists in the sqlite3 failed with the following output:
Change Dir: /home/meggie/文档/hotnvmdb/build/CMakeFiles/CMakeTmp

Run Build Command:"/usr/bin/make" "cmTC_7c882/fast"
/usr/bin/make -f CMakeFiles/cmTC_7c882.dir/build.make CMakeFiles/cmTC_7c882.dir/build
make[1]: Entering directory '/home/meggie/文档/hotnvmdb/build/CMakeFiles/CMakeTmp'
Building C object CMakeFiles/cmTC_7c882.dir/CheckFunctionExists.c.o
/usr/bin/cc   -DCHECK_FUNCTION_EXISTS=sqlite3_open   -std=c11 -o CMakeFiles/cmTC_7c882.dir/CheckFunctionExists.c.o   -c /usr/local/share/cmake-3.9/Modules/CheckFunctionExists.c
Linking C executable cmTC_7c882
/usr/local/bin/cmake -E cmake_link_script CMakeFiles/cmTC_7c882.dir/link.txt --verbose=1
/usr/bin/cc  -DCHECK_FUNCTION_EXISTS=sqlite3_open    CMakeFiles/cmTC_7c882.dir/CheckFunctionExists.c.o  -o cmTC_7c882 -lsqlite3 
/usr/bin/ld: 找不到 -lsqlite3
collect2: error: ld returned 1 exit status
CMakeFiles/cmTC_7c882.dir/build.make:97: recipe for target 'cmTC_7c882' failed
make[1]: *** [cmTC_7c882] Error 1
make[1]: Leaving directory '/home/meggie/文档/hotnvmdb/build/CMakeFiles/CMakeTmp'
Makefile:126: recipe for target 'cmTC_7c882/fast' failed
make: *** [cmTC_7c882/fast] Error 2


Performing C++ SOURCE FILE Test HAVE_KYOTOCABINET failed with the following output:
Change Dir: /home/meggie/文档/hotnvmdb/build/CMakeFiles/CMakeTmp

Run Build Command:"/usr/bin/make" "cmTC_0bb2e/fast"
/usr/bin/make -f CMakeFiles/cmTC_0bb2e.dir/build.make CMakeFiles/cmTC_0bb2e.dir/build
make[1]: Entering directory '/home/meggie/文档/hotnvmdb/build/CMakeFiles/CMakeTmp'
Building CXX object CMakeFiles/cmTC_0bb2e.dir/src.cxx.o
/usr/bin/c++    -DHAVE_KYOTOCABINET   -std=c++11 -o CMakeFiles/cmTC_0bb2e.dir/src.cxx.o -c /home/meggie/文档/hotnvmdb/build/CMakeFiles/CMakeTmp/src.cxx
/home/meggie/文档/hotnvmdb/build/CMakeFiles/CMakeTmp/src.cxx:2:22: fatal error: kcpolydb.h: 没有那个文件或目录
compilation terminated.
CMakeFiles/cmTC_0bb2e.dir/build.make:65: recipe for target 'CMakeFiles/cmTC_0bb2e.dir/src.cxx.o' failed
make[1]: *** [CMakeFiles/cmTC_0bb2e.dir/src.cxx.o] Error 1
make[1]: Leaving directory '/home/meggie/文档/hotnvmdb/build/CMakeFiles/CMakeTmp'
Makefile:126: recipe for target 'cmTC_0bb2e/fast' failed
make: *** [cmTC_0bb2e/fast] Error 2

Source file was:

#include <kcpolydb.h>

int main() {
  kyotocabinet::TreeDB* db = new kyotocabinet::TreeDB();
  delete db;
  return 0;
}
  
